bb1:
_lo1 -> Top
_t17 -> Top
_t18 -> Top
_t19 -> Top
_t20 -> Top
_t22 -> Top
_t25 -> -1
_t27 -> Top
_t28 -> Top
_t31 -> Top
_t34 -> -6
_t36 -> Top
id11 -> Top
id13 -> Top
id15 -> Top
id3 -> Top
id7 -> Top

bb10:
_lo1 -> Top
_lo2 -> Top
_lo3 -> Top
_t17 -> Top
_t18 -> Top
_t19 -> Top
_t20 -> Top
_t22 -> Top
_t25 -> -1
_t27 -> Top
_t28 -> Top
_t31 -> Top
_t34 -> -6
_t36 -> Top
_t37 -> Top
_t41 -> Top
_t43 -> Top
_t48 -> Top
_t49 -> Top
_t53 -> Top
_t55 -> Top
_t56 -> -9
_t57 -> Top
id11 -> Top
id13 -> Top
id15 -> Top
id3 -> Top
id7 -> Top

bb11:
_lo1 -> Top
_lo2 -> Top
_lo3 -> Top
_lo4 -> Top
_lo5 -> Top
_t17 -> Top
_t18 -> Top
_t19 -> Top
_t20 -> Top
_t22 -> Top
_t25 -> -1
_t27 -> Top
_t28 -> Top
_t31 -> Top
_t34 -> -6
_t36 -> Top
_t37 -> Top
_t41 -> Top
_t43 -> Top
_t48 -> Top
_t49 -> Top
_t53 -> Top
_t55 -> Top
_t56 -> -9
_t57 -> Top
_t60 -> -8
_t62 -> Top
_t63 -> Top
_t64 -> Top
id11 -> Top
id13 -> Top
id15 -> Top
id3 -> Top
id7 -> Top

bb12:
_lo1 -> Top
_lo2 -> Top
_lo3 -> Top
_lo5 -> 0
_t17 -> Top
_t18 -> Top
_t19 -> Top
_t20 -> Top
_t22 -> Top
_t25 -> -1
_t27 -> Top
_t28 -> Top
_t31 -> Top
_t34 -> -6
_t36 -> Top
_t37 -> Top
_t41 -> Top
_t43 -> Top
_t48 -> Top
_t49 -> Top
_t53 -> Top
_t55 -> Top
_t56 -> -9
_t57 -> Top
_t60 -> -8
_t62 -> Top
_t63 -> Top
id11 -> Top
id13 -> Top
id15 -> Top
id3 -> Top
id7 -> Top

bb13:
_lo1 -> Top
_lo2 -> Top
_lo3 -> Top
_lo5 -> 1
_t17 -> Top
_t18 -> Top
_t19 -> Top
_t20 -> Top
_t22 -> Top
_t25 -> -1
_t27 -> Top
_t28 -> Top
_t31 -> Top
_t34 -> -6
_t36 -> Top
_t37 -> Top
_t41 -> Top
_t43 -> Top
_t48 -> Top
_t49 -> Top
_t53 -> Top
_t55 -> Top
_t56 -> -9
_t57 -> Top
_t60 -> -8
_t62 -> Top
_t63 -> Top
id11 -> Top
id13 -> Top
id15 -> Top
id3 -> Top
id7 -> Top

bb14:
_lo1 -> Top
_lo2 -> Top
_lo3 -> Top
_lo4 -> Top
_lo5 -> Top
_t17 -> Top
_t18 -> Top
_t19 -> Top
_t20 -> Top
_t22 -> Top
_t25 -> -1
_t27 -> Top
_t28 -> Top
_t31 -> Top
_t34 -> -6
_t36 -> Top
_t37 -> Top
_t41 -> Top
_t43 -> Top
_t48 -> Top
_t49 -> Top
_t53 -> Top
_t55 -> Top
_t56 -> -9
_t57 -> Top
_t60 -> -8
_t62 -> Top
_t63 -> Top
_t64 -> Top
_t65 -> Top
id11 -> Top
id13 -> Top
id15 -> Top
id3 -> Top
id7 -> Top

bb15:
_lo1 -> Top
_lo2 -> Top
_lo3 -> Top
_lo4 -> Top
_lo5 -> Top
_t17 -> Top
_t18 -> Top
_t19 -> Top
_t20 -> Top
_t22 -> Top
_t25 -> -1
_t27 -> Top
_t28 -> Top
_t31 -> Top
_t34 -> -6
_t36 -> Top
_t37 -> Top
_t41 -> Top
_t43 -> Top
_t48 -> Top
_t49 -> Top
_t53 -> Top
_t55 -> Top
_t56 -> -9
_t57 -> Top
_t60 -> -8
_t62 -> Top
_t63 -> Top
_t64 -> Top
_t65 -> Top
id11 -> Top
id13 -> Top
id15 -> Top
id3 -> Top
id7 -> Top

bb16:
_lo1 -> Top
_lo10 -> Top
_lo11 -> -6
_lo12 -> Top
_lo13 -> Top
_lo14 -> Top
_lo15 -> Top
_lo2 -> Top
_lo3 -> Top
_lo4 -> Top
_lo5 -> Top
_lo6 -> Top
_lo7 -> Top
_lo8 -> 0
_lo9 -> 1
_t102 -> Top
_t103 -> Top
_t104 -> Top
_t105 -> -6
_t106 -> 0
_t107 -> Top
_t108 -> -8
_t109 -> Top
_t111 -> Top
_t113 -> Top
_t114 -> Top
_t115 -> Top
_t116 -> -6
_t117 -> 6
_t118 -> Top
_t119 -> Top
_t120 -> -6
_t126 -> Top
_t133 -> Top
_t136 -> Top
_t138 -> Top
_t139 -> Top
_t140 -> Top
_t141 -> Top
_t17 -> Top
_t18 -> Top
_t19 -> Top
_t20 -> Top
_t22 -> Top
_t25 -> -1
_t27 -> Top
_t28 -> Top
_t31 -> Top
_t34 -> -6
_t36 -> Top
_t37 -> Top
_t41 -> Top
_t43 -> Top
_t48 -> Top
_t49 -> Top
_t53 -> Top
_t55 -> Top
_t56 -> -9
_t57 -> Top
_t60 -> -8
_t62 -> Top
_t63 -> Top
_t64 -> Top
_t65 -> Top
_t66 -> Top
_t67 -> -1
_t68 -> -6
_t70 -> Top
_t71 -> Top
_t72 -> Top
_t73 -> Top
_t74 -> Top
_t76 -> Top
_t77 -> Top
_t78 -> Top
_t79 -> -3
_t80 -> Top
_t81 -> Top
_t82 -> Top
_t83 -> Top
_t85 -> -10
_t86 -> 10
_t87 -> -5
_t88 -> Top
_t90 -> Top
_t94 -> Top
_t96 -> Top
_t99 -> Top
id11 -> Top
id13 -> Top
id15 -> Top
id3 -> Top
id7 -> Top

bb17:
_lo1 -> Top
_lo2 -> Top
_lo3 -> Top
_lo4 -> Top
_lo5 -> Top
_t17 -> Top
_t18 -> Top
_t19 -> Top
_t20 -> Top
_t22 -> Top
_t25 -> -1
_t27 -> Top
_t28 -> Top
_t31 -> Top
_t34 -> -6
_t36 -> Top
_t37 -> Top
_t41 -> Top
_t43 -> Top
_t48 -> Top
_t49 -> Top
_t53 -> Top
_t55 -> Top
_t56 -> -9
_t57 -> Top
_t60 -> -8
_t62 -> Top
_t63 -> Top
_t64 -> Top
_t65 -> Top
_t66 -> Top
id11 -> Top
id13 -> Top
id15 -> Top
id3 -> Top
id7 -> Top

bb18:
_lo1 -> Top
_lo2 -> Top
_lo3 -> Top
_lo4 -> Top
_lo5 -> Top
_t17 -> Top
_t18 -> Top
_t19 -> Top
_t20 -> Top
_t22 -> Top
_t25 -> -1
_t27 -> Top
_t28 -> Top
_t31 -> Top
_t34 -> -6
_t36 -> Top
_t37 -> Top
_t41 -> Top
_t43 -> Top
_t48 -> Top
_t49 -> Top
_t53 -> Top
_t55 -> Top
_t56 -> -9
_t57 -> Top
_t60 -> -8
_t62 -> Top
_t63 -> Top
_t64 -> Top
_t65 -> Top
_t68 -> -6
_t70 -> Top
_t71 -> Top
_t72 -> Top
id11 -> Top
id13 -> Top
id15 -> Top
id3 -> Top
id7 -> Top

bb19:
_lo1 -> Top
_lo2 -> Top
_lo3 -> Top
_lo4 -> Top
_lo5 -> Top
_lo6 -> Top
_t17 -> Top
_t18 -> Top
_t19 -> Top
_t20 -> Top
_t22 -> Top
_t25 -> -1
_t27 -> Top
_t28 -> Top
_t31 -> Top
_t34 -> -6
_t36 -> Top
_t37 -> Top
_t41 -> Top
_t43 -> Top
_t48 -> Top
_t49 -> Top
_t53 -> Top
_t55 -> Top
_t56 -> -9
_t57 -> Top
_t60 -> -8
_t62 -> Top
_t63 -> Top
_t64 -> Top
_t65 -> Top
_t66 -> Top
_t67 -> -1
id11 -> Top
id13 -> Top
id15 -> Top
id3 -> Top
id7 -> Top

bb2:
_lo1 -> Top
_t17 -> Top
_t18 -> Top
_t19 -> Top
id11 -> Top
id13 -> Top
id15 -> Top
id3 -> Top
id7 -> Top

bb20:
_lo1 -> Top
_lo2 -> Top
_lo3 -> Top
_lo4 -> Top
_lo5 -> Top
_lo6 -> 0
_t17 -> Top
_t18 -> Top
_t19 -> Top
_t20 -> Top
_t22 -> Top
_t25 -> -1
_t27 -> Top
_t28 -> Top
_t31 -> Top
_t34 -> -6
_t36 -> Top
_t37 -> Top
_t41 -> Top
_t43 -> Top
_t48 -> Top
_t49 -> Top
_t53 -> Top
_t55 -> Top
_t56 -> -9
_t57 -> Top
_t60 -> -8
_t62 -> Top
_t63 -> Top
_t64 -> Top
_t65 -> Top
_t66 -> Top
id11 -> Top
id13 -> Top
id15 -> Top
id3 -> Top
id7 -> Top

bb21:
_lo1 -> Top
_lo2 -> Top
_lo3 -> Top
_lo4 -> Top
_lo5 -> Top
_lo6 -> 1
_t17 -> Top
_t18 -> Top
_t19 -> Top
_t20 -> Top
_t22 -> Top
_t25 -> -1
_t27 -> Top
_t28 -> Top
_t31 -> Top
_t34 -> -6
_t36 -> Top
_t37 -> Top
_t41 -> Top
_t43 -> Top
_t48 -> Top
_t49 -> Top
_t53 -> Top
_t55 -> Top
_t56 -> -9
_t57 -> Top
_t60 -> -8
_t62 -> Top
_t63 -> Top
_t64 -> Top
_t65 -> Top
_t66 -> Top
id11 -> Top
id13 -> Top
id15 -> Top
id3 -> Top
id7 -> Top

bb22:
_lo1 -> Top
_lo10 -> Top
_lo2 -> Top
_lo3 -> Top
_lo4 -> Top
_lo5 -> Top
_lo7 -> Top
_lo8 -> 0
_lo9 -> 1
_t17 -> Top
_t18 -> Top
_t19 -> Top
_t20 -> Top
_t22 -> Top
_t25 -> -1
_t27 -> Top
_t28 -> Top
_t31 -> Top
_t34 -> -6
_t36 -> Top
_t37 -> Top
_t41 -> Top
_t43 -> Top
_t48 -> Top
_t49 -> Top
_t53 -> Top
_t55 -> Top
_t56 -> -9
_t57 -> Top
_t60 -> -8
_t62 -> Top
_t63 -> Top
_t64 -> Top
_t65 -> Top
_t68 -> -6
_t70 -> Top
_t71 -> Top
_t72 -> Top
_t73 -> Top
_t74 -> Top
_t76 -> Top
_t77 -> Top
_t78 -> Top
_t79 -> -3
_t80 -> Top
_t81 -> Top
_t82 -> Top
_t83 -> Top
_t85 -> -10
_t86 -> 10
_t87 -> -5
_t88 -> Top
_t90 -> Top
_t94 -> Top
id11 -> Top
id13 -> Top
id15 -> Top
id3 -> Top
id7 -> Top

bb23:
_lo1 -> Top
_lo2 -> Top
_lo3 -> Top
_lo4 -> Top
_lo5 -> Top
_lo7 -> Top
_t17 -> Top
_t18 -> Top
_t19 -> Top
_t20 -> Top
_t22 -> Top
_t25 -> -1
_t27 -> Top
_t28 -> Top
_t31 -> Top
_t34 -> -6
_t36 -> Top
_t37 -> Top
_t41 -> Top
_t43 -> Top
_t48 -> Top
_t49 -> Top
_t53 -> Top
_t55 -> Top
_t56 -> -9
_t57 -> Top
_t60 -> -8
_t62 -> Top
_t63 -> Top
_t64 -> Top
_t65 -> Top
_t68 -> -6
_t70 -> Top
_t71 -> Top
_t72 -> Top
_t73 -> Top
id11 -> Top
id13 -> Top
id15 -> Top
id3 -> Top
id7 -> Top

bb24:
_lo1 -> Top
_lo2 -> Top
_lo3 -> Top
_lo4 -> Top
_lo5 -> Top
_t17 -> Top
_t18 -> Top
_t19 -> Top
_t20 -> Top
_t22 -> Top
_t25 -> -1
_t27 -> Top
_t28 -> Top
_t31 -> Top
_t34 -> -6
_t36 -> Top
_t37 -> Top
_t41 -> Top
_t43 -> Top
_t48 -> Top
_t49 -> Top
_t53 -> Top
_t55 -> Top
_t56 -> -9
_t57 -> Top
_t60 -> -8
_t62 -> Top
_t63 -> Top
_t64 -> Top
_t65 -> Top
_t68 -> -6
_t70 -> Top
_t71 -> Top
_t72 -> Top
_t87 -> -5
id11 -> Top
id13 -> Top
id15 -> Top
id3 -> Top
id7 -> Top

bb25:
_lo1 -> Top
_lo2 -> Top
_lo3 -> Top
_lo4 -> Top
_lo5 -> Top
_lo7 -> Top
_t17 -> Top
_t18 -> Top
_t19 -> Top
_t20 -> Top
_t22 -> Top
_t25 -> -1
_t27 -> Top
_t28 -> Top
_t31 -> Top
_t34 -> -6
_t36 -> Top
_t37 -> Top
_t41 -> Top
_t43 -> Top
_t48 -> Top
_t49 -> Top
_t53 -> Top
_t55 -> Top
_t56 -> -9
_t57 -> Top
_t60 -> -8
_t62 -> Top
_t63 -> Top
_t64 -> Top
_t65 -> Top
_t68 -> -6
_t70 -> Top
_t71 -> Top
_t72 -> Top
_t73 -> Top
_t74 -> Top
_t76 -> Top
_t77 -> Top
_t78 -> Top
_t79 -> -3
_t80 -> Top
_t81 -> Top
_t82 -> Top
_t83 -> Top
_t85 -> -10
_t86 -> 10
id11 -> Top
id13 -> Top
id15 -> Top
id3 -> Top
id7 -> Top

bb26:
_lo1 -> Top
_lo2 -> Top
_lo3 -> Top
_lo4 -> Top
_lo5 -> Top
_lo7 -> Top
_t17 -> Top
_t18 -> Top
_t19 -> Top
_t20 -> Top
_t22 -> Top
_t25 -> -1
_t27 -> Top
_t28 -> Top
_t31 -> Top
_t34 -> -6
_t36 -> Top
_t37 -> Top
_t41 -> Top
_t43 -> Top
_t48 -> Top
_t49 -> Top
_t53 -> Top
_t55 -> Top
_t56 -> -9
_t57 -> Top
_t60 -> -8
_t62 -> Top
_t63 -> Top
_t64 -> Top
_t65 -> Top
_t68 -> -6
_t70 -> Top
_t71 -> Top
_t72 -> Top
_t73 -> Top
_t74 -> Top
_t76 -> Top
_t77 -> Top
id11 -> Top
id13 -> Top
id15 -> Top
id3 -> Top
id7 -> Top

bb27:
_lo1 -> Top
_lo2 -> Top
_lo3 -> Top
_lo4 -> Top
_lo5 -> Top
_lo8 -> 0
_t17 -> Top
_t18 -> Top
_t19 -> Top
_t20 -> Top
_t22 -> Top
_t25 -> -1
_t27 -> Top
_t28 -> Top
_t31 -> Top
_t34 -> -6
_t36 -> Top
_t37 -> Top
_t41 -> Top
_t43 -> Top
_t48 -> Top
_t49 -> Top
_t53 -> Top
_t55 -> Top
_t56 -> -9
_t57 -> Top
_t60 -> -8
_t62 -> Top
_t63 -> Top
_t64 -> Top
_t65 -> Top
_t68 -> -6
_t70 -> Top
_t71 -> Top
_t72 -> Top
_t87 -> -5
id11 -> Top
id13 -> Top
id15 -> Top
id3 -> Top
id7 -> Top

bb28:
_lo1 -> Top
_lo2 -> Top
_lo3 -> Top
_lo4 -> Top
_lo5 -> Top
_lo8 -> 0
_t17 -> Top
_t18 -> Top
_t19 -> Top
_t20 -> Top
_t22 -> Top
_t25 -> -1
_t27 -> Top
_t28 -> Top
_t31 -> Top
_t34 -> -6
_t36 -> Top
_t37 -> Top
_t41 -> Top
_t43 -> Top
_t48 -> Top
_t49 -> Top
_t53 -> Top
_t55 -> Top
_t56 -> -9
_t57 -> Top
_t60 -> -8
_t62 -> Top
_t63 -> Top
_t64 -> Top
_t65 -> Top
_t68 -> -6
_t70 -> Top
_t71 -> Top
_t72 -> Top
_t87 -> -5
id11 -> Top
id13 -> Top
id15 -> Top
id3 -> Top
id7 -> Top

bb3:
_lo1 -> Top
_lo2 -> Top
_t17 -> Top
_t18 -> Top
_t19 -> Top
_t20 -> Top
_t22 -> Top
_t25 -> -1
_t27 -> Top
_t28 -> Top
_t31 -> Top
_t34 -> -6
_t36 -> Top
id11 -> Top
id13 -> Top
id15 -> Top
id3 -> Top
id7 -> Top

bb30:
_lo1 -> Top
_lo2 -> Top
_lo3 -> Top
_lo4 -> Top
_lo5 -> Top
_lo8 -> 0
_lo9 -> 1
_t17 -> Top
_t18 -> Top
_t19 -> Top
_t20 -> Top
_t22 -> Top
_t25 -> -1
_t27 -> Top
_t28 -> Top
_t31 -> Top
_t34 -> -6
_t36 -> Top
_t37 -> Top
_t41 -> Top
_t43 -> Top
_t48 -> Top
_t49 -> Top
_t53 -> Top
_t55 -> Top
_t56 -> -9
_t57 -> Top
_t60 -> -8
_t62 -> Top
_t63 -> Top
_t64 -> Top
_t65 -> Top
_t68 -> -6
_t70 -> Top
_t71 -> Top
_t72 -> Top
_t87 -> -5
_t88 -> Top
id11 -> Top
id13 -> Top
id15 -> Top
id3 -> Top
id7 -> Top

bb32:
_lo1 -> Top
_lo2 -> Top
_lo3 -> Top
_lo4 -> Top
_lo5 -> Top
_lo8 -> 0
_lo9 -> 1
_t17 -> Top
_t18 -> Top
_t19 -> Top
_t20 -> Top
_t22 -> Top
_t25 -> -1
_t27 -> Top
_t28 -> Top
_t31 -> Top
_t34 -> -6
_t36 -> Top
_t37 -> Top
_t41 -> Top
_t43 -> Top
_t48 -> Top
_t49 -> Top
_t53 -> Top
_t55 -> Top
_t56 -> -9
_t57 -> Top
_t60 -> -8
_t62 -> Top
_t63 -> Top
_t64 -> Top
_t65 -> Top
_t68 -> -6
_t70 -> Top
_t71 -> Top
_t72 -> Top
_t87 -> -5
id11 -> Top
id13 -> Top
id15 -> Top
id3 -> Top
id7 -> Top

bb33:
_lo1 -> Top
_lo10 -> Top
_lo2 -> Top
_lo3 -> Top
_lo4 -> Top
_lo5 -> Top
_lo8 -> 0
_lo9 -> 1
_t17 -> Top
_t18 -> Top
_t19 -> Top
_t20 -> Top
_t22 -> Top
_t25 -> -1
_t27 -> Top
_t28 -> Top
_t31 -> Top
_t34 -> -6
_t36 -> Top
_t37 -> Top
_t41 -> Top
_t43 -> Top
_t48 -> Top
_t49 -> Top
_t53 -> Top
_t55 -> Top
_t56 -> -9
_t57 -> Top
_t60 -> -8
_t62 -> Top
_t63 -> Top
_t64 -> Top
_t65 -> Top
_t68 -> -6
_t70 -> Top
_t71 -> Top
_t72 -> Top
_t87 -> -5
_t88 -> Top
_t90 -> Top
id11 -> Top
id13 -> Top
id15 -> Top
id3 -> Top
id7 -> Top

bb34:
_lo1 -> Top
_lo10 -> 0
_lo2 -> Top
_lo3 -> Top
_lo4 -> Top
_lo5 -> Top
_lo8 -> 0
_lo9 -> 1
_t17 -> Top
_t18 -> Top
_t19 -> Top
_t20 -> Top
_t22 -> Top
_t25 -> -1
_t27 -> Top
_t28 -> Top
_t31 -> Top
_t34 -> -6
_t36 -> Top
_t37 -> Top
_t41 -> Top
_t43 -> Top
_t48 -> Top
_t49 -> Top
_t53 -> Top
_t55 -> Top
_t56 -> -9
_t57 -> Top
_t60 -> -8
_t62 -> Top
_t63 -> Top
_t64 -> Top
_t65 -> Top
_t68 -> -6
_t70 -> Top
_t71 -> Top
_t72 -> Top
_t87 -> -5
_t88 -> Top
id11 -> Top
id13 -> Top
id15 -> Top
id3 -> Top
id7 -> Top

bb35:
_lo1 -> Top
_lo10 -> 1
_lo2 -> Top
_lo3 -> Top
_lo4 -> Top
_lo5 -> Top
_lo8 -> 0
_lo9 -> 1
_t17 -> Top
_t18 -> Top
_t19 -> Top
_t20 -> Top
_t22 -> Top
_t25 -> -1
_t27 -> Top
_t28 -> Top
_t31 -> Top
_t34 -> -6
_t36 -> Top
_t37 -> Top
_t41 -> Top
_t43 -> Top
_t48 -> Top
_t49 -> Top
_t53 -> Top
_t55 -> Top
_t56 -> -9
_t57 -> Top
_t60 -> -8
_t62 -> Top
_t63 -> Top
_t64 -> Top
_t65 -> Top
_t68 -> -6
_t70 -> Top
_t71 -> Top
_t72 -> Top
_t87 -> -5
_t88 -> Top
id11 -> Top
id13 -> Top
id15 -> Top
id3 -> Top
id7 -> Top

bb36:
_lo1 -> Top
_lo10 -> Top
_lo11 -> -6
_lo12 -> Top
_lo13 -> Top
_lo14 -> Top
_lo2 -> Top
_lo3 -> Top
_lo4 -> Top
_lo5 -> Top
_lo7 -> Top
_lo8 -> 0
_lo9 -> 1
_t102 -> Top
_t103 -> Top
_t104 -> Top
_t105 -> -6
_t106 -> 0
_t107 -> Top
_t108 -> -8
_t109 -> Top
_t111 -> Top
_t113 -> Top
_t114 -> Top
_t115 -> Top
_t116 -> -6
_t117 -> 6
_t118 -> Top
_t119 -> Top
_t120 -> -6
_t126 -> Top
_t17 -> Top
_t18 -> Top
_t19 -> Top
_t20 -> Top
_t22 -> Top
_t25 -> -1
_t27 -> Top
_t28 -> Top
_t31 -> Top
_t34 -> -6
_t36 -> Top
_t37 -> Top
_t41 -> Top
_t43 -> Top
_t48 -> Top
_t49 -> Top
_t53 -> Top
_t55 -> Top
_t56 -> -9
_t57 -> Top
_t60 -> -8
_t62 -> Top
_t63 -> Top
_t64 -> Top
_t65 -> Top
_t68 -> -6
_t70 -> Top
_t71 -> Top
_t72 -> Top
_t73 -> Top
_t74 -> Top
_t76 -> Top
_t77 -> Top
_t78 -> Top
_t79 -> -3
_t80 -> Top
_t81 -> Top
_t82 -> Top
_t83 -> Top
_t85 -> -10
_t86 -> 10
_t87 -> -5
_t88 -> Top
_t90 -> Top
_t94 -> Top
_t96 -> Top
_t99 -> Top
id11 -> Top
id13 -> Top
id15 -> Top
id3 -> Top
id7 -> Top

bb37:
_lo1 -> Top
_lo10 -> Top
_lo11 -> -6
_lo2 -> Top
_lo3 -> Top
_lo4 -> Top
_lo5 -> Top
_lo7 -> Top
_lo8 -> 0
_lo9 -> 1
_t102 -> Top
_t103 -> Top
_t104 -> Top
_t105 -> -6
_t106 -> 0
_t17 -> Top
_t18 -> Top
_t19 -> Top
_t20 -> Top
_t22 -> Top
_t25 -> -1
_t27 -> Top
_t28 -> Top
_t31 -> Top
_t34 -> -6
_t36 -> Top
_t37 -> Top
_t41 -> Top
_t43 -> Top
_t48 -> Top
_t49 -> Top
_t53 -> Top
_t55 -> Top
_t56 -> -9
_t57 -> Top
_t60 -> -8
_t62 -> Top
_t63 -> Top
_t64 -> Top
_t65 -> Top
_t68 -> -6
_t70 -> Top
_t71 -> Top
_t72 -> Top
_t73 -> Top
_t74 -> Top
_t76 -> Top
_t77 -> Top
_t78 -> Top
_t79 -> -3
_t80 -> Top
_t81 -> Top
_t82 -> Top
_t83 -> Top
_t85 -> -10
_t86 -> 10
_t87 -> -5
_t88 -> Top
_t90 -> Top
_t94 -> Top
_t96 -> Top
_t99 -> Top
id11 -> Top
id13 -> Top
id15 -> Top
id3 -> Top
id7 -> Top

bb39:
_lo1 -> Top
_lo10 -> Top
_lo11 -> -6
_lo13 -> Top
_lo2 -> Top
_lo3 -> Top
_lo4 -> Top
_lo5 -> Top
_lo7 -> Top
_lo8 -> 0
_lo9 -> 1
_t102 -> Top
_t103 -> Top
_t104 -> Top
_t105 -> -6
_t106 -> 0
_t107 -> Top
_t17 -> Top
_t18 -> Top
_t19 -> Top
_t20 -> Top
_t22 -> Top
_t25 -> -1
_t27 -> Top
_t28 -> Top
_t31 -> Top
_t34 -> -6
_t36 -> Top
_t37 -> Top
_t41 -> Top
_t43 -> Top
_t48 -> Top
_t49 -> Top
_t53 -> Top
_t55 -> Top
_t56 -> -9
_t57 -> Top
_t60 -> -8
_t62 -> Top
_t63 -> Top
_t64 -> Top
_t65 -> Top
_t68 -> -6
_t70 -> Top
_t71 -> Top
_t72 -> Top
_t73 -> Top
_t74 -> Top
_t76 -> Top
_t77 -> Top
_t78 -> Top
_t79 -> -3
_t80 -> Top
_t81 -> Top
_t82 -> Top
_t83 -> Top
_t85 -> -10
_t86 -> 10
_t87 -> -5
_t88 -> Top
_t90 -> Top
_t94 -> Top
_t96 -> Top
_t99 -> Top
id11 -> Top
id13 -> Top
id15 -> Top
id3 -> Top
id7 -> Top

bb4:
_lo1 -> Top
_lo2 -> 0
_t17 -> Top
_t18 -> Top
_t19 -> Top
_t20 -> Top
_t22 -> Top
_t25 -> -1
_t27 -> Top
_t28 -> Top
_t31 -> Top
_t34 -> -6
_t36 -> Top
id11 -> Top
id13 -> Top
id15 -> Top
id3 -> Top
id7 -> Top

bb41:
_lo1 -> Top
_lo10 -> Top
_lo11 -> -6
_lo12 -> Top
_lo13 -> Top
_lo2 -> Top
_lo3 -> Top
_lo4 -> Top
_lo5 -> Top
_lo7 -> Top
_lo8 -> 0
_lo9 -> 1
_t102 -> Top
_t103 -> Top
_t104 -> Top
_t105 -> -6
_t106 -> 0
_t107 -> Top
_t108 -> -8
_t109 -> Top
_t17 -> Top
_t18 -> Top
_t19 -> Top
_t20 -> Top
_t22 -> Top
_t25 -> -1
_t27 -> Top
_t28 -> Top
_t31 -> Top
_t34 -> -6
_t36 -> Top
_t37 -> Top
_t41 -> Top
_t43 -> Top
_t48 -> Top
_t49 -> Top
_t53 -> Top
_t55 -> Top
_t56 -> -9
_t57 -> Top
_t60 -> -8
_t62 -> Top
_t63 -> Top
_t64 -> Top
_t65 -> Top
_t68 -> -6
_t70 -> Top
_t71 -> Top
_t72 -> Top
_t73 -> Top
_t74 -> Top
_t76 -> Top
_t77 -> Top
_t78 -> Top
_t79 -> -3
_t80 -> Top
_t81 -> Top
_t82 -> Top
_t83 -> Top
_t85 -> -10
_t86 -> 10
_t87 -> -5
_t88 -> Top
_t90 -> Top
_t94 -> Top
_t96 -> Top
_t99 -> Top
id11 -> Top
id13 -> Top
id15 -> Top
id3 -> Top
id7 -> Top

bb42:
_lo1 -> Top
_lo10 -> Top
_lo11 -> -6
_lo13 -> -8
_lo2 -> Top
_lo3 -> Top
_lo4 -> Top
_lo5 -> Top
_lo7 -> Top
_lo8 -> 0
_lo9 -> 1
_t102 -> Top
_t103 -> Top
_t104 -> Top
_t105 -> -6
_t106 -> 0
_t107 -> Top
_t108 -> -8
_t17 -> Top
_t18 -> Top
_t19 -> Top
_t20 -> Top
_t22 -> Top
_t25 -> -1
_t27 -> Top
_t28 -> Top
_t31 -> Top
_t34 -> -6
_t36 -> Top
_t37 -> Top
_t41 -> Top
_t43 -> Top
_t48 -> Top
_t49 -> Top
_t53 -> Top
_t55 -> Top
_t56 -> -9
_t57 -> Top
_t60 -> -8
_t62 -> Top
_t63 -> Top
_t64 -> Top
_t65 -> Top
_t68 -> -6
_t70 -> Top
_t71 -> Top
_t72 -> Top
_t73 -> Top
_t74 -> Top
_t76 -> Top
_t77 -> Top
_t78 -> Top
_t79 -> -3
_t80 -> Top
_t81 -> Top
_t82 -> Top
_t83 -> Top
_t85 -> -10
_t86 -> 10
_t87 -> -5
_t88 -> Top
_t90 -> Top
_t94 -> Top
_t96 -> Top
_t99 -> Top
id11 -> Top
id13 -> Top
id15 -> Top
id3 -> Top
id7 -> Top

bb43:
_lo1 -> Top
_lo10 -> Top
_lo11 -> -6
_lo12 -> Top
_lo13 -> Top
_lo2 -> Top
_lo3 -> Top
_lo4 -> Top
_lo5 -> Top
_lo7 -> Top
_lo8 -> 0
_lo9 -> 1
_t102 -> Top
_t103 -> Top
_t104 -> Top
_t105 -> -6
_t106 -> 0
_t107 -> Top
_t108 -> -8
_t109 -> Top
_t111 -> Top
_t113 -> Top
_t114 -> Top
_t115 -> Top
_t116 -> -6
_t117 -> 6
_t118 -> Top
_t119 -> Top
_t120 -> -6
_t17 -> Top
_t18 -> Top
_t19 -> Top
_t20 -> Top
_t22 -> Top
_t25 -> -1
_t27 -> Top
_t28 -> Top
_t31 -> Top
_t34 -> -6
_t36 -> Top
_t37 -> Top
_t41 -> Top
_t43 -> Top
_t48 -> Top
_t49 -> Top
_t53 -> Top
_t55 -> Top
_t56 -> -9
_t57 -> Top
_t60 -> -8
_t62 -> Top
_t63 -> Top
_t64 -> Top
_t65 -> Top
_t68 -> -6
_t70 -> Top
_t71 -> Top
_t72 -> Top
_t73 -> Top
_t74 -> Top
_t76 -> Top
_t77 -> Top
_t78 -> Top
_t79 -> -3
_t80 -> Top
_t81 -> Top
_t82 -> Top
_t83 -> Top
_t85 -> -10
_t86 -> 10
_t87 -> -5
_t88 -> Top
_t90 -> Top
_t94 -> Top
_t96 -> Top
_t99 -> Top
id11 -> Top
id13 -> Top
id15 -> Top
id3 -> Top
id7 -> Top

bb44:
_lo1 -> Top
_lo10 -> Top
_lo11 -> -6
_lo12 -> Top
_lo13 -> Top
_lo2 -> Top
_lo3 -> Top
_lo4 -> Top
_lo5 -> Top
_lo7 -> Top
_lo8 -> 0
_lo9 -> 1
_t102 -> Top
_t103 -> Top
_t104 -> Top
_t105 -> -6
_t106 -> 0
_t107 -> Top
_t108 -> -8
_t109 -> Top
_t111 -> Top
_t17 -> Top
_t18 -> Top
_t19 -> Top
_t20 -> Top
_t22 -> Top
_t25 -> -1
_t27 -> Top
_t28 -> Top
_t31 -> Top
_t34 -> -6
_t36 -> Top
_t37 -> Top
_t41 -> Top
_t43 -> Top
_t48 -> Top
_t49 -> Top
_t53 -> Top
_t55 -> Top
_t56 -> -9
_t57 -> Top
_t60 -> -8
_t62 -> Top
_t63 -> Top
_t64 -> Top
_t65 -> Top
_t68 -> -6
_t70 -> Top
_t71 -> Top
_t72 -> Top
_t73 -> Top
_t74 -> Top
_t76 -> Top
_t77 -> Top
_t78 -> Top
_t79 -> -3
_t80 -> Top
_t81 -> Top
_t82 -> Top
_t83 -> Top
_t85 -> -10
_t86 -> 10
_t87 -> -5
_t88 -> Top
_t90 -> Top
_t94 -> Top
_t96 -> Top
_t99 -> Top
id11 -> Top
id13 -> Top
id15 -> Top
id3 -> Top
id7 -> Top

bb45:
_lo1 -> Top
_lo10 -> Top
_lo11 -> -6
_lo12 -> Top
_lo13 -> Top
_lo14 -> Top
_lo2 -> Top
_lo3 -> Top
_lo4 -> Top
_lo5 -> Top
_lo7 -> Top
_lo8 -> 0
_lo9 -> 1
_t102 -> Top
_t103 -> Top
_t104 -> Top
_t105 -> -6
_t106 -> 0
_t107 -> Top
_t108 -> -8
_t109 -> Top
_t111 -> Top
_t113 -> Top
_t114 -> Top
_t115 -> Top
_t116 -> -6
_t117 -> 6
_t118 -> Top
_t119 -> Top
_t120 -> -6
_t126 -> Top
_t17 -> Top
_t18 -> Top
_t19 -> Top
_t20 -> Top
_t22 -> Top
_t25 -> -1
_t27 -> Top
_t28 -> Top
_t31 -> Top
_t34 -> -6
_t36 -> Top
_t37 -> Top
_t41 -> Top
_t43 -> Top
_t48 -> Top
_t49 -> Top
_t53 -> Top
_t55 -> Top
_t56 -> -9
_t57 -> Top
_t60 -> -8
_t62 -> Top
_t63 -> Top
_t64 -> Top
_t65 -> Top
_t68 -> -6
_t70 -> Top
_t71 -> Top
_t72 -> Top
_t73 -> Top
_t74 -> Top
_t76 -> Top
_t77 -> Top
_t78 -> Top
_t79 -> -3
_t80 -> Top
_t81 -> Top
_t82 -> Top
_t83 -> Top
_t85 -> -10
_t86 -> 10
_t87 -> -5
_t88 -> Top
_t90 -> Top
_t94 -> Top
_t96 -> Top
_t99 -> Top
id11 -> Top
id13 -> Top
id15 -> Top
id3 -> Top
id7 -> Top

bb46:
_lo1 -> Top
_lo10 -> Top
_lo11 -> -6
_lo12 -> Top
_lo13 -> Top
_lo14 -> 10
_lo2 -> Top
_lo3 -> Top
_lo4 -> Top
_lo5 -> Top
_lo7 -> Top
_lo8 -> 0
_lo9 -> 1
_t102 -> Top
_t103 -> Top
_t104 -> Top
_t105 -> -6
_t106 -> 0
_t107 -> Top
_t108 -> -8
_t109 -> Top
_t111 -> Top
_t113 -> Top
_t114 -> Top
_t115 -> Top
_t116 -> -6
_t117 -> 6
_t118 -> Top
_t119 -> Top
_t120 -> -6
_t126 -> Top
_t17 -> Top
_t18 -> Top
_t19 -> Top
_t20 -> Top
_t22 -> Top
_t25 -> -1
_t27 -> Top
_t28 -> Top
_t31 -> Top
_t34 -> -6
_t36 -> Top
_t37 -> Top
_t41 -> Top
_t43 -> Top
_t48 -> Top
_t49 -> Top
_t53 -> Top
_t55 -> Top
_t56 -> -9
_t57 -> Top
_t60 -> -8
_t62 -> Top
_t63 -> Top
_t64 -> Top
_t65 -> Top
_t68 -> -6
_t70 -> Top
_t71 -> Top
_t72 -> Top
_t73 -> Top
_t74 -> Top
_t76 -> Top
_t77 -> Top
_t78 -> Top
_t79 -> -3
_t80 -> Top
_t81 -> Top
_t82 -> Top
_t83 -> Top
_t85 -> -10
_t86 -> 10
_t87 -> -5
_t88 -> Top
_t90 -> Top
_t94 -> Top
_t96 -> Top
_t99 -> Top
id11 -> Top
id13 -> Top
id15 -> Top
id3 -> Top
id7 -> Top

bb47:
_lo1 -> Top
_lo10 -> Top
_lo11 -> -6
_lo12 -> Top
_lo13 -> Top
_lo14 -> Top
_lo15 -> Top
_lo2 -> Top
_lo3 -> Top
_lo4 -> Top
_lo5 -> Top
_lo7 -> Top
_lo8 -> 0
_lo9 -> 1
_t102 -> Top
_t103 -> Top
_t104 -> Top
_t105 -> -6
_t106 -> 0
_t107 -> Top
_t108 -> -8
_t109 -> Top
_t111 -> Top
_t113 -> Top
_t114 -> Top
_t115 -> Top
_t116 -> -6
_t117 -> 6
_t118 -> Top
_t119 -> Top
_t120 -> -6
_t126 -> Top
_t17 -> Top
_t18 -> Top
_t19 -> Top
_t20 -> Top
_t22 -> Top
_t25 -> -1
_t27 -> Top
_t28 -> Top
_t31 -> Top
_t34 -> -6
_t36 -> Top
_t37 -> Top
_t41 -> Top
_t43 -> Top
_t48 -> Top
_t49 -> Top
_t53 -> Top
_t55 -> Top
_t56 -> -9
_t57 -> Top
_t60 -> -8
_t62 -> Top
_t63 -> Top
_t64 -> Top
_t65 -> Top
_t68 -> -6
_t70 -> Top
_t71 -> Top
_t72 -> Top
_t73 -> Top
_t74 -> Top
_t76 -> Top
_t77 -> Top
_t78 -> Top
_t79 -> -3
_t80 -> Top
_t81 -> Top
_t82 -> Top
_t83 -> Top
_t85 -> -10
_t86 -> 10
_t87 -> -5
_t88 -> Top
_t90 -> Top
_t94 -> Top
_t96 -> Top
_t99 -> Top
id11 -> Top
id13 -> Top
id15 -> Top
id3 -> Top
id7 -> Top

bb48:
_lo1 -> Top
_lo10 -> Top
_lo11 -> -6
_lo12 -> Top
_lo13 -> Top
_lo14 -> Top
_lo15 -> 0
_lo2 -> Top
_lo3 -> Top
_lo4 -> Top
_lo5 -> Top
_lo7 -> Top
_lo8 -> 0
_lo9 -> 1
_t102 -> Top
_t103 -> Top
_t104 -> Top
_t105 -> -6
_t106 -> 0
_t107 -> Top
_t108 -> -8
_t109 -> Top
_t111 -> Top
_t113 -> Top
_t114 -> Top
_t115 -> Top
_t116 -> -6
_t117 -> 6
_t118 -> Top
_t119 -> Top
_t120 -> -6
_t126 -> Top
_t17 -> Top
_t18 -> Top
_t19 -> Top
_t20 -> Top
_t22 -> Top
_t25 -> -1
_t27 -> Top
_t28 -> Top
_t31 -> Top
_t34 -> -6
_t36 -> Top
_t37 -> Top
_t41 -> Top
_t43 -> Top
_t48 -> Top
_t49 -> Top
_t53 -> Top
_t55 -> Top
_t56 -> -9
_t57 -> Top
_t60 -> -8
_t62 -> Top
_t63 -> Top
_t64 -> Top
_t65 -> Top
_t68 -> -6
_t70 -> Top
_t71 -> Top
_t72 -> Top
_t73 -> Top
_t74 -> Top
_t76 -> Top
_t77 -> Top
_t78 -> Top
_t79 -> -3
_t80 -> Top
_t81 -> Top
_t82 -> Top
_t83 -> Top
_t85 -> -10
_t86 -> 10
_t87 -> -5
_t88 -> Top
_t90 -> Top
_t94 -> Top
_t96 -> Top
_t99 -> Top
id11 -> Top
id13 -> Top
id15 -> Top
id3 -> Top
id7 -> Top

bb49:
_lo1 -> Top
_lo10 -> Top
_lo11 -> -6
_lo12 -> Top
_lo13 -> Top
_lo14 -> Top
_lo15 -> 1
_lo2 -> Top
_lo3 -> Top
_lo4 -> Top
_lo5 -> Top
_lo7 -> Top
_lo8 -> 0
_lo9 -> 1
_t102 -> Top
_t103 -> Top
_t104 -> Top
_t105 -> -6
_t106 -> 0
_t107 -> Top
_t108 -> -8
_t109 -> Top
_t111 -> Top
_t113 -> Top
_t114 -> Top
_t115 -> Top
_t116 -> -6
_t117 -> 6
_t118 -> Top
_t119 -> Top
_t120 -> -6
_t126 -> Top
_t17 -> Top
_t18 -> Top
_t19 -> Top
_t20 -> Top
_t22 -> Top
_t25 -> -1
_t27 -> Top
_t28 -> Top
_t31 -> Top
_t34 -> -6
_t36 -> Top
_t37 -> Top
_t41 -> Top
_t43 -> Top
_t48 -> Top
_t49 -> Top
_t53 -> Top
_t55 -> Top
_t56 -> -9
_t57 -> Top
_t60 -> -8
_t62 -> Top
_t63 -> Top
_t64 -> Top
_t65 -> Top
_t68 -> -6
_t70 -> Top
_t71 -> Top
_t72 -> Top
_t73 -> Top
_t74 -> Top
_t76 -> Top
_t77 -> Top
_t78 -> Top
_t79 -> -3
_t80 -> Top
_t81 -> Top
_t82 -> Top
_t83 -> Top
_t85 -> -10
_t86 -> 10
_t87 -> -5
_t88 -> Top
_t90 -> Top
_t94 -> Top
_t96 -> Top
_t99 -> Top
id11 -> Top
id13 -> Top
id15 -> Top
id3 -> Top
id7 -> Top

bb5:
_lo1 -> Top
_lo2 -> 1
_t17 -> Top
_t18 -> Top
_t19 -> Top
_t20 -> Top
_t22 -> Top
_t25 -> -1
_t27 -> Top
_t28 -> Top
_t31 -> Top
_t34 -> -6
_t36 -> Top
id11 -> Top
id13 -> Top
id15 -> Top
id3 -> Top
id7 -> Top

bb6:
_lo1 -> Top
_lo2 -> Top
_lo3 -> Top
_t17 -> Top
_t18 -> Top
_t19 -> Top
_t20 -> Top
_t22 -> Top
_t25 -> -1
_t27 -> Top
_t28 -> Top
_t31 -> Top
_t34 -> -6
_t36 -> Top
_t37 -> Top
_t41 -> Top
_t43 -> Top
_t48 -> Top
_t49 -> Top
_t53 -> Top
_t55 -> Top
_t56 -> -9
_t57 -> Top
id11 -> Top
id13 -> Top
id15 -> Top
id3 -> Top
id7 -> Top

bb7:
_lo1 -> Top
_lo2 -> Top
_lo3 -> Top
_t17 -> Top
_t18 -> Top
_t19 -> Top
_t20 -> Top
_t22 -> Top
_t25 -> -1
_t27 -> Top
_t28 -> Top
_t31 -> Top
_t34 -> -6
_t36 -> Top
_t37 -> Top
_t41 -> Top
_t43 -> Top
_t48 -> Top
_t49 -> Top
_t53 -> Top
_t55 -> Top
_t56 -> -9
_t57 -> Top
id11 -> Top
id13 -> Top
id15 -> Top
id3 -> Top
id7 -> Top

bb8:
_lo1 -> Top
_lo2 -> Top
_lo3 -> Top
_t17 -> Top
_t18 -> Top
_t19 -> Top
_t20 -> Top
_t22 -> Top
_t25 -> -1
_t27 -> Top
_t28 -> Top
_t31 -> Top
_t34 -> -6
_t36 -> Top
_t37 -> Top
_t41 -> Top
_t43 -> Top
_t48 -> Top
_t49 -> Top
_t53 -> Top
_t55 -> Top
_t56 -> -9
_t57 -> Top
_t60 -> -8
_t62 -> Top
_t63 -> Top
id11 -> Top
id13 -> Top
id15 -> Top
id3 -> Top
id7 -> Top

bb9:
_lo1 -> Top
_lo2 -> Top
_lo3 -> Top
_t17 -> Top
_t18 -> Top
_t19 -> Top
_t20 -> Top
_t22 -> Top
_t25 -> -1
_t27 -> Top
_t28 -> Top
_t31 -> Top
_t34 -> -6
_t36 -> Top
_t37 -> Top
_t41 -> Top
_t43 -> Top
_t48 -> Top
_t49 -> Top
_t53 -> Top
_t55 -> Top
_t56 -> -9
_t57 -> Top
id11 -> Top
id13 -> Top
id15 -> Top
id3 -> Top
id7 -> Top

entry:
_lo1 -> Top
_t17 -> Top
_t18 -> Top
_t19 -> Top
id11 -> Top
id13 -> Top
id15 -> Top
id3 -> Top
id7 -> Top

