bb1:
_lo1 -> Top
_t10 -> Top
_t3 -> -8
_t6 -> Top
_t8 -> Top
_t9 -> -6
id1 -> Top
id6 -> -6
id7 -> -6

bb10:
_lo1 -> Top
_lo2 -> 1
_t10 -> Top
_t11 -> Top
_t12 -> Top
_t13 -> Top
_t16 -> Top
_t17 -> Top
_t18 -> -9
_t19 -> Top
_t3 -> -8
_t6 -> Top
_t8 -> Top
_t9 -> -6
id1 -> Top
id6 -> -6
id7 -> -6

bb11:
_lo1 -> Top
_lo2 -> Top
_t10 -> Top
_t11 -> Top
_t12 -> Top
_t13 -> Top
_t16 -> Top
_t17 -> Top
_t18 -> -9
_t19 -> Top
_t3 -> -8
_t6 -> Top
_t8 -> Top
_t9 -> -6
id1 -> Top
id6 -> -6
id7 -> -6

bb12:
_lo1 -> Top
_lo2 -> Top
_t10 -> Top
_t11 -> Top
_t12 -> Top
_t13 -> Top
_t16 -> Top
_t17 -> Top
_t18 -> -9
_t19 -> Top
_t3 -> -8
_t6 -> Top
_t8 -> Top
_t9 -> -6
id1 -> Top
id6 -> -6
id7 -> -6

bb13:
_lo1 -> Top
_lo2 -> Top
_t10 -> Top
_t11 -> Top
_t12 -> Top
_t13 -> Top
_t16 -> Top
_t17 -> Top
_t18 -> -9
_t19 -> Top
_t3 -> -8
_t6 -> Top
_t8 -> Top
_t9 -> -6
id1 -> -6
id6 -> -6
id7 -> -6

bb14:
_lo1 -> Top
_lo2 -> Top
_t10 -> Top
_t11 -> Top
_t12 -> Top
_t13 -> Top
_t16 -> Top
_t17 -> Top
_t18 -> -9
_t19 -> Top
_t3 -> -8
_t6 -> Top
_t8 -> Top
_t9 -> -6
id1 -> -6
id6 -> -6
id7 -> -6

bb15:
_lo1 -> 0
_lo2 -> Top
_t10 -> Top
_t11 -> Top
_t12 -> Top
_t13 -> Top
_t16 -> Top
_t17 -> Top
_t18 -> -9
_t19 -> Top
_t3 -> -8
_t6 -> Top
_t8 -> Top
_t9 -> -6
id1 -> -6
id6 -> -6
id7 -> -6

bb16:
_lo1 -> 1
_lo2 -> Top
_t10 -> Top
_t11 -> Top
_t12 -> Top
_t13 -> Top
_t16 -> Top
_t17 -> Top
_t18 -> -9
_t19 -> Top
_t3 -> -8
_t6 -> Top
_t8 -> Top
_t9 -> -6
id1 -> -6
id6 -> -6
id7 -> -6

bb17:
_lo1 -> Top
_lo2 -> Top
_t10 -> Top
_t11 -> Top
_t12 -> Top
_t13 -> Top
_t16 -> Top
_t17 -> Top
_t18 -> -9
_t19 -> Top
_t24 -> Top
_t26 -> Top
_t3 -> -8
_t6 -> Top
_t8 -> Top
_t9 -> -6
id1 -> Top
id6 -> -6
id7 -> -6
id8 -> Top

bb2:
_lo1 -> 0
_t10 -> Top
_t3 -> -8
_t6 -> Top
_t8 -> Top
_t9 -> -6
id1 -> Top
id6 -> -6
id7 -> -6

bb3:
_lo1 -> 1
_t10 -> Top
_t3 -> -8
_t6 -> Top
_t8 -> Top
_t9 -> -6
id1 -> Top
id6 -> -6
id7 -> -6

bb4:
_lo1 -> Top
_lo2 -> Top
_t10 -> Top
_t11 -> Top
_t12 -> Top
_t13 -> Top
_t16 -> Top
_t17 -> Top
_t18 -> -9
_t19 -> Top
_t3 -> -8
_t6 -> Top
_t8 -> Top
_t9 -> -6
id1 -> Top
id6 -> -6
id7 -> -6

bb5:
_lo1 -> Top
_lo2 -> Top
_t10 -> Top
_t11 -> Top
_t12 -> Top
_t13 -> Top
_t16 -> Top
_t17 -> Top
_t18 -> -9
_t19 -> Top
_t3 -> -8
_t6 -> Top
_t8 -> Top
_t9 -> -6
id1 -> Top
id6 -> -6
id7 -> -6

bb6:
_lo1 -> Top
_lo2 -> Top
_t10 -> Top
_t11 -> Top
_t12 -> Top
_t13 -> Top
_t16 -> Top
_t17 -> Top
_t18 -> -9
_t19 -> Top
_t24 -> Top
_t3 -> -8
_t6 -> Top
_t8 -> Top
_t9 -> -6
id1 -> Top
id6 -> -6
id7 -> -6

bb7:
_lo1 -> Top
_lo2 -> Top
_t10 -> Top
_t11 -> Top
_t12 -> Top
_t13 -> Top
_t16 -> Top
_t17 -> Top
_t18 -> -9
_t19 -> Top
_t3 -> -8
_t6 -> Top
_t8 -> Top
_t9 -> -6
id1 -> Top
id6 -> -6
id7 -> -6

bb8:
_lo1 -> Top
_lo2 -> Top
_t10 -> Top
_t11 -> Top
_t12 -> Top
_t13 -> Top
_t16 -> Top
_t17 -> Top
_t18 -> -9
_t19 -> Top
_t3 -> -8
_t6 -> Top
_t8 -> Top
_t9 -> -6
id1 -> Top
id6 -> -6
id7 -> -6

bb9:
_lo1 -> Top
_lo2 -> 0
_t10 -> Top
_t11 -> Top
_t12 -> Top
_t13 -> Top
_t16 -> Top
_t17 -> Top
_t18 -> -9
_t19 -> Top
_t3 -> -8
_t6 -> Top
_t8 -> Top
_t9 -> -6
id1 -> Top
id6 -> -6
id7 -> -6

entry:
_t10 -> Top
_t3 -> -8
_t6 -> Top
_t8 -> Top
_t9 -> -6
id1 -> Top
id6 -> -6
id7 -> -6

